<?xml version="1.0" encoding="UTF-8"?>
<!-- Generated by org.testng.reporters.JUnitReportReporter -->
<testsuite skipped="0" hostname="SonaliKhopde" name="scenarioExecution.TestRunner" tests="1" failures="0" timestamp="2020-11-30T12:24:39 IST" time="46.199" errors="0">
  <testcase name="runScenario" time="46.199" classname="scenarioExecution.TestRunner"/>
  <system-out/>
</testsuite> <!-- scenarioExecution.TestRunner -->
